2021-10-20 10:15:56.693 -05:00 [ERR] An error occurred instantiating job to be executed. job= 'DEFAULT.GerenciaMusic360.Tasks.TasksReminder, message=Cannot consume scoped service 'GerenciaMusic360.Data.Context_DB' from singleton 'GerenciaMusic360.Tasks.TasksReminder'.'
Quartz.SchedulerException: Problem instantiating type 'GerenciaMusic360.Tasks.TasksReminder: Cannot consume scoped service 'GerenciaMusic360.Data.Context_DB' from singleton 'GerenciaMusic360.Tasks.TasksReminder'.' ---> System.InvalidOperationException: Cannot consume scoped service 'GerenciaMusic360.Data.Context_DB' from singleton 'GerenciaMusic360.Tasks.TasksReminder'.
   at Microsoft.Extensions.DependencyInjection.ServiceLookup.CallSiteValidator.VisitScoped(ScopedCallSite scopedCallSite, CallSiteValidatorState state)
   at Microsoft.Extensions.DependencyInjection.ServiceLookup.CallSiteVisitor`2.VisitCallSite(IServiceCallSite callSite, TArgument argument)
   at Microsoft.Extensions.DependencyInjection.ServiceLookup.CallSiteValidator.VisitConstructor(ConstructorCallSite constructorCallSite, CallSiteValidatorState state)
   at Microsoft.Extensions.DependencyInjection.ServiceLookup.CallSiteVisitor`2.VisitCallSite(IServiceCallSite callSite, TArgument argument)
   at Microsoft.Extensions.DependencyInjection.ServiceLookup.CallSiteValidator.VisitTransient(TransientCallSite transientCallSite, CallSiteValidatorState state)
   at Microsoft.Extensions.DependencyInjection.ServiceLookup.CallSiteVisitor`2.VisitCallSite(IServiceCallSite callSite, TArgument argument)
   at Microsoft.Extensions.DependencyInjection.ServiceLookup.CallSiteValidator.VisitConstructor(ConstructorCallSite constructorCallSite, CallSiteValidatorState state)
   at Microsoft.Extensions.DependencyInjection.ServiceLookup.CallSiteVisitor`2.VisitCallSite(IServiceCallSite callSite, TArgument argument)
   at Microsoft.Extensions.DependencyInjection.ServiceLookup.CallSiteValidator.VisitSingleton(SingletonCallSite singletonCallSite, CallSiteValidatorState state)
   at Microsoft.Extensions.DependencyInjection.ServiceLookup.CallSiteVisitor`2.VisitCallSite(IServiceCallSite callSite, TArgument argument)
   at Microsoft.Extensions.DependencyInjection.ServiceLookup.CallSiteValidator.ValidateCallSite(IServiceCallSite callSite)
   at Microsoft.Extensions.DependencyInjection.ServiceProvider.Microsoft.Extensions.DependencyInjection.ServiceLookup.IServiceProviderEngineCallback.OnCreate(IServiceCallSite callSite)
   at Microsoft.Extensions.DependencyInjection.ServiceLookup.ServiceProviderEngine.CreateServiceAccessor(Type serviceType)
   at System.Collections.Concurrent.ConcurrentDictionary`2.GetOrAdd(TKey key, Func`2 valueFactory)
   at Microsoft.Extensions.DependencyInjection.ServiceLookup.ServiceProviderEngine.GetService(Type serviceType, ServiceProviderEngineScope serviceProviderEngineScope)
   at Microsoft.Extensions.DependencyInjection.ServiceLookup.ServiceProviderEngineScope.GetService(Type serviceType)
   at Microsoft.Extensions.DependencyInjection.ServiceProviderServiceExtensions.GetRequiredService(IServiceProvider provider, Type serviceType)
   at GerenciaMusic360.Schedulers.SingletonJobFactory.NewJob(TriggerFiredBundle bundle, IScheduler scheduler) in C:\repositorios\g360crm\GerenciaMusic360\Schedulers\SingletonJobFactory.cs:line 20
   at Quartz.Core.JobRunShell.Initialize(QuartzScheduler sched, CancellationToken cancellationToken)
   --- End of inner exception stack trace --- [See nested exception: System.InvalidOperationException: Cannot consume scoped service 'GerenciaMusic360.Data.Context_DB' from singleton 'GerenciaMusic360.Tasks.TasksReminder'.
   at Microsoft.Extensions.DependencyInjection.ServiceLookup.CallSiteValidator.VisitScoped(ScopedCallSite scopedCallSite, CallSiteValidatorState state)
   at Microsoft.Extensions.DependencyInjection.ServiceLookup.CallSiteVisitor`2.VisitCallSite(IServiceCallSite callSite, TArgument argument)
   at Microsoft.Extensions.DependencyInjection.ServiceLookup.CallSiteValidator.VisitConstructor(ConstructorCallSite constructorCallSite, CallSiteValidatorState state)
   at Microsoft.Extensions.DependencyInjection.ServiceLookup.CallSiteVisitor`2.VisitCallSite(IServiceCallSite callSite, TArgument argument)
   at Microsoft.Extensions.DependencyInjection.ServiceLookup.CallSiteValidator.VisitTransient(TransientCallSite transientCallSite, CallSiteValidatorState state)
   at Microsoft.Extensions.DependencyInjection.ServiceLookup.CallSiteVisitor`2.VisitCallSite(IServiceCallSite callSite, TArgument argument)
   at Microsoft.Extensions.DependencyInjection.ServiceLookup.CallSiteValidator.VisitConstructor(ConstructorCallSite constructorCallSite, CallSiteValidatorState state)
   at Microsoft.Extensions.DependencyInjection.ServiceLookup.CallSiteVisitor`2.VisitCallSite(IServiceCallSite callSite, TArgument argument)
   at Microsoft.Extensions.DependencyInjection.ServiceLookup.CallSiteValidator.VisitSingleton(SingletonCallSite singletonCallSite, CallSiteValidatorState state)
   at Microsoft.Extensions.DependencyInjection.ServiceLookup.CallSiteVisitor`2.VisitCallSite(IServiceCallSite callSite, TArgument argument)
   at Microsoft.Extensions.DependencyInjection.ServiceLookup.CallSiteValidator.ValidateCallSite(IServiceCallSite callSite)
   at Microsoft.Extensions.DependencyInjection.ServiceProvider.Microsoft.Extensions.DependencyInjection.ServiceLookup.IServiceProviderEngineCallback.OnCreate(IServiceCallSite callSite)
   at Microsoft.Extensions.DependencyInjection.ServiceLookup.ServiceProviderEngine.CreateServiceAccessor(Type serviceType)
   at System.Collections.Concurrent.ConcurrentDictionary`2.GetOrAdd(TKey key, Func`2 valueFactory)
   at Microsoft.Extensions.DependencyInjection.ServiceLookup.ServiceProviderEngine.GetService(Type serviceType, ServiceProviderEngineScope serviceProviderEngineScope)
   at Microsoft.Extensions.DependencyInjection.ServiceLookup.ServiceProviderEngineScope.GetService(Type serviceType)
   at Microsoft.Extensions.DependencyInjection.ServiceProviderServiceExtensions.GetRequiredService(IServiceProvider provider, Type serviceType)
   at GerenciaMusic360.Schedulers.SingletonJobFactory.NewJob(TriggerFiredBundle bundle, IScheduler scheduler) in C:\repositorios\g360crm\GerenciaMusic360\Schedulers\SingletonJobFactory.cs:line 20
   at Quartz.Core.JobRunShell.Initialize(QuartzScheduler sched, CancellationToken cancellationToken)]
